This file contains any messages produced by compilers while
running configure, to aid debugging if configure makes a mistake.

It was created by Google C++ Mocking Framework configure 1.8.0, which was
generated by GNU Autoconf 2.69.  Invocation command line was

  $ ./configure --disable-option-checking --prefix=/usr/local --cache-file=/dev/null --srcdir=.

## --------- ##
## Platform. ##
## --------- ##

hostname = dzcxdeMacBook-Air.local
uname -m = x86_64
uname -r = 17.7.0
uname -s = Darwin
uname -v = Darwin Kernel Version 17.7.0: Thu Jun 21 22:53:14 PDT 2018; root:xnu-4570.71.2~1/RELEASE_X86_64

/usr/bin/uname -p = i386
/bin/uname -X     = unknown

/bin/arch              = unknown
/usr/bin/arch -k       = unknown
/usr/convex/getsysinfo = unknown
/usr/bin/hostinfo      = Mach kernel version:
	 Darwin Kernel Version 17.7.0: Thu Jun 21 22:53:14 PDT 2018; root:xnu-4570.71.2~1/RELEASE_X86_64
Kernel configured for up to 4 processors.
2 processors are physically available.
4 processors are logically available.
Processor type: x86_64h (Intel x86-64h Haswell)
Processors active: 0 1 2 3
Primary memory available: 8.00 gigabytes
Default processor set: 361 tasks, 1639 threads, 4 processors
Load average: 2.52, Mach factor: 1.52
/bin/machine           = unknown
/usr/bin/oslevel       = unknown
/bin/universe          = unknown

PATH: /anaconda3/bin
PATH: /usr/local/bin
PATH: /usr/bin
PATH: /bin
PATH: /usr/sbin
PATH: /sbin


## ----------- ##
## Core tests. ##
## ----------- ##

configure:2363: checking for a BSD-compatible install
configure:2431: result: /usr/bin/install -c
configure:2442: checking whether build environment is sane
configure:2497: result: yes
configure:2648: checking for a thread-safe mkdir -p
configure:2687: result: build-aux/install-sh -c -d
configure:2694: checking for gawk
configure:2724: result: no
configure:2694: checking for mawk
configure:2724: result: no
configure:2694: checking for nawk
configure:2724: result: no
configure:2694: checking for awk
configure:2710: found /usr/bin/awk
configure:2721: result: awk
configure:2732: checking whether make sets $(MAKE)
configure:2754: result: yes
configure:2783: checking whether make supports nested variables
configure:2800: result: yes
configure:2976: checking for gcc
configure:2992: found /usr/bin/gcc
configure:3003: result: gcc
configure:3232: checking for C compiler version
configure:3241: gcc --version >&5
Apple LLVM version 10.0.0 (clang-1000.10.44.2)
Target: x86_64-apple-darwin17.7.0
Thread model: posix
InstalledDir: /Library/Developer/CommandLineTools/usr/bin
Configured with: --prefix=/Library/Developer/CommandLineTools/usr --with-gxx-include-dir=/usr/include/c++/4.2.1
configure:3252: $? = 0
configure:3241: gcc -v >&5
Configured with: --prefix=/Library/Developer/CommandLineTools/usr --with-gxx-include-dir=/usr/include/c++/4.2.1
Apple LLVM version 10.0.0 (clang-1000.10.44.2)
Target: x86_64-apple-darwin17.7.0
Thread model: posix
InstalledDir: /Library/Developer/CommandLineTools/usr/bin
configure:3252: $? = 0
configure:3241: gcc -V >&5
clang: error: argument to '-V' is missing (expected 1 value)
clang: error: no input files
configure:3252: $? = 1
configure:3241: gcc -qversion >&5
clang: error: unknown argument: '-qversion'
clang: error: no input files
configure:3252: $? = 1
configure:3272: checking whether the C compiler works
configure:3294: gcc    conftest.c  >&5
configure:3298: $? = 0
configure:3346: result: yes
configure:3349: checking for C compiler default output file name
configure:3351: result: a.out
configure:3357: checking for suffix of executables
configure:3364: gcc -o conftest    conftest.c  >&5
configure:3368: $? = 0
configure:3390: result: 
configure:3412: checking whether we are cross compiling
configure:3420: gcc -o conftest    conftest.c  >&5
configure:3424: $? = 0
configure:3431: ./conftest
configure:3435: $? = 0
configure:3450: result: no
configure:3455: checking for suffix of object files
configure:3477: gcc -c   conftest.c >&5
configure:3481: $? = 0
configure:3502: result: o
configure:3506: checking whether we are using the GNU C compiler
configure:3525: gcc -c   conftest.c >&5
configure:3525: $? = 0
configure:3534: result: yes
configure:3543: checking whether gcc accepts -g
configure:3563: gcc -c -g  conftest.c >&5
configure:3563: $? = 0
configure:3604: result: yes
configure:3621: checking for gcc option to accept ISO C89
configure:3684: gcc  -c   conftest.c >&5
configure:3684: $? = 0
configure:3697: result: none needed
configure:3722: checking whether gcc understands -c and -o together
configure:3744: gcc -c conftest.c -o conftest2.o
configure:3747: $? = 0
configure:3744: gcc -c conftest.c -o conftest2.o
configure:3747: $? = 0
configure:3759: result: yes
configure:3787: checking for style of include used by make
configure:3815: result: GNU
configure:3841: checking dependency style of gcc
configure:3952: result: gcc3
configure:4025: checking for g++
configure:4041: found /usr/bin/g++
configure:4052: result: g++
configure:4079: checking for C++ compiler version
configure:4088: g++ --version >&5
Apple LLVM version 10.0.0 (clang-1000.10.44.2)
Target: x86_64-apple-darwin17.7.0
Thread model: posix
InstalledDir: /Library/Developer/CommandLineTools/usr/bin
Configured with: --prefix=/Library/Developer/CommandLineTools/usr --with-gxx-include-dir=/usr/include/c++/4.2.1
configure:4099: $? = 0
configure:4088: g++ -v >&5
Configured with: --prefix=/Library/Developer/CommandLineTools/usr --with-gxx-include-dir=/usr/include/c++/4.2.1
Apple LLVM version 10.0.0 (clang-1000.10.44.2)
Target: x86_64-apple-darwin17.7.0
Thread model: posix
InstalledDir: /Library/Developer/CommandLineTools/usr/bin
configure:4099: $? = 0
configure:4088: g++ -V >&5
clang: error: argument to '-V' is missing (expected 1 value)
clang: error: no input files
configure:4099: $? = 1
configure:4088: g++ -qversion >&5
clang: error: unknown argument: '-qversion'
clang: error: no input files
configure:4099: $? = 1
configure:4103: checking whether we are using the GNU C++ compiler
configure:4122: g++ -c  -g -std=c++11 -DNDEBUG  conftest.cpp >&5
configure:4122: $? = 0
configure:4131: result: yes
configure:4140: checking whether g++ accepts -g
configure:4160: g++ -c -g  conftest.cpp >&5
configure:4160: $? = 0
configure:4201: result: yes
configure:4226: checking dependency style of g++
configure:4337: result: gcc3
configure:4387: checking build system type
configure:4401: result: x86_64-apple-darwin17.7.0
configure:4421: checking host system type
configure:4434: result: x86_64-apple-darwin17.7.0
configure:4475: checking how to print strings
configure:4502: result: printf
configure:4523: checking for a sed that does not truncate output
configure:4587: result: /usr/bin/sed
configure:4605: checking for grep that handles long lines and -e
configure:4663: result: /usr/bin/grep
configure:4668: checking for egrep
configure:4730: result: /usr/bin/grep -E
configure:4735: checking for fgrep
configure:4797: result: /usr/bin/grep -F
configure:4832: checking for ld used by gcc
configure:4899: result: /Library/Developer/CommandLineTools/usr/bin/ld
configure:4906: checking if the linker (/Library/Developer/CommandLineTools/usr/bin/ld) is GNU ld
configure:4921: result: no
configure:4933: checking for BSD- or MS-compatible name lister (nm)
configure:4987: result: /usr/bin/nm -B
configure:5117: checking the name lister (/usr/bin/nm -B) interface
configure:5124: g++ -c  -g -std=c++11 -DNDEBUG  conftest.cpp >&5
configure:5127: /usr/bin/nm -B "conftest.o"
configure:5130: output
0000000000000210 S _some_variable
configure:5137: result: BSD nm
configure:5140: checking whether ln -s works
configure:5144: result: yes
configure:5152: checking the maximum length of command line arguments
configure:5283: result: 196608
configure:5331: checking how to convert x86_64-apple-darwin17.7.0 file names to x86_64-apple-darwin17.7.0 format
configure:5371: result: func_convert_file_noop
configure:5378: checking how to convert x86_64-apple-darwin17.7.0 file names to toolchain format
configure:5398: result: func_convert_file_noop
configure:5405: checking for /Library/Developer/CommandLineTools/usr/bin/ld option to reload object files
configure:5412: result: -r
configure:5486: checking for objdump
configure:5502: found /usr/bin/objdump
configure:5513: result: objdump
configure:5545: checking how to recognize dependent libraries
configure:5745: result: pass_all
configure:5830: checking for dlltool
configure:5860: result: no
configure:5890: checking how to associate runtime and link libraries
configure:5917: result: printf %s\n
configure:5978: checking for ar
configure:5994: found /usr/bin/ar
configure:6005: result: ar
configure:6042: checking for archiver @FILE support
configure:6059: g++ -c  -g -std=c++11 -DNDEBUG  conftest.cpp >&5
configure:6059: $? = 0
configure:6062: ar cru libconftest.a @conftest.lst >&5
ar: @conftest.lst: No such file or directory
configure:6065: $? = 1
configure:6085: result: no
configure:6143: checking for strip
configure:6159: found /usr/bin/strip
configure:6170: result: strip
configure:6242: checking for ranlib
configure:6258: found /usr/bin/ranlib
configure:6269: result: ranlib
configure:6371: checking command to parse /usr/bin/nm -B output from gcc object
configure:6524: g++ -c  -g -std=c++11 -DNDEBUG  conftest.cpp >&5
configure:6527: $? = 0
configure:6531: /usr/bin/nm -B conftest.o \| sed -n -e 's/^.*[ ]\([BCDEGRST][BCDEGRST]*\)[ ][ ]*\([_A-Za-z][_A-Za-z0-9]*\)$/\1 \2 \2/p' | sed '/ __gnu_lto/d' \> conftest.nm
configure:6534: $? = 0
cannot find nm_test_var in conftest.nm
configure:6524: g++ -c  -g -std=c++11 -DNDEBUG  conftest.cpp >&5
configure:6527: $? = 0
configure:6531: /usr/bin/nm -B conftest.o \| sed -n -e 's/^.*[ ]\([BCDEGRST][BCDEGRST]*\)[ ][ ]*_\([_A-Za-z][_A-Za-z0-9]*\)$/\1 _\2 \2/p' | sed '/ __gnu_lto/d' \> conftest.nm
configure:6534: $? = 0
configure:6600: g++ -o conftest  -g -std=c++11 -DNDEBUG   conftest.cpp conftstm.o >&5
configure:6603: $? = 0
configure:6641: result: ok
configure:6688: checking for sysroot
configure:6718: result: no
configure:6725: checking for a working dd
configure:6763: result: /bin/dd
configure:6767: checking how to truncate binary pipes
configure:6782: result: /bin/dd bs=4096 count=1
configure:7112: checking for mt
configure:7142: result: no
configure:7162: checking if : is a manifest tool
configure:7168: : '-?'
configure:7176: result: no
configure:7232: checking for dsymutil
configure:7248: found /usr/bin/dsymutil
configure:7259: result: dsymutil
configure:7324: checking for nmedit
configure:7340: found /usr/bin/nmedit
configure:7351: result: nmedit
configure:7416: checking for lipo
configure:7432: found /usr/bin/lipo
configure:7443: result: lipo
configure:7508: checking for otool
configure:7524: found /usr/bin/otool
configure:7535: result: otool
configure:7600: checking for otool64
configure:7630: result: no
configure:7675: checking for -single_module linker flag
gcc   -o libconftest.dylib -dynamiclib -Wl,-single_module conftest.c
configure:7708: result: yes
configure:7711: checking for -exported_symbols_list linker flag
configure:7731: g++ -o conftest  -g -std=c++11 -DNDEBUG   -Wl,-exported_symbols_list,conftest.sym conftest.cpp  >&5
configure:7731: $? = 0
configure:7741: result: yes
configure:7744: checking for -force_load linker flag
gcc  -c -o conftest.o conftest.c
ar cru libconftest.a conftest.o
ranlib libconftest.a
gcc   -o conftest conftest.c -Wl,-force_load,./libconftest.a
configure:7776: result: yes
configure:7853: checking how to run the C preprocessor
configure:7884: gcc -E  conftest.c
configure:7884: $? = 0
configure:7898: gcc -E  conftest.c
conftest.c:11:10: fatal error: 'ac_nonexistent.h' file not found
#include <ac_nonexistent.h>
         ^~~~~~~~~~~~~~~~~~
1 error generated.
configure:7898: $? = 1
configure: failed program was:
| /* confdefs.h */
| #define PACKAGE_NAME "Google C++ Mocking Framework"
| #define PACKAGE_TARNAME "gmock"
| #define PACKAGE_VERSION "1.8.0"
| #define PACKAGE_STRING "Google C++ Mocking Framework 1.8.0"
| #define PACKAGE_BUGREPORT "googlemock@googlegroups.com"
| #define PACKAGE_URL ""
| #define PACKAGE "gmock"
| #define VERSION "1.8.0"
| /* end confdefs.h.  */
| #include <ac_nonexistent.h>
configure:7923: result: gcc -E
configure:7943: gcc -E  conftest.c
configure:7943: $? = 0
configure:7957: gcc -E  conftest.c
conftest.c:11:10: fatal error: 'ac_nonexistent.h' file not found
#include <ac_nonexistent.h>
         ^~~~~~~~~~~~~~~~~~
1 error generated.
configure:7957: $? = 1
configure: failed program was:
| /* confdefs.h */
| #define PACKAGE_NAME "Google C++ Mocking Framework"
| #define PACKAGE_TARNAME "gmock"
| #define PACKAGE_VERSION "1.8.0"
| #define PACKAGE_STRING "Google C++ Mocking Framework 1.8.0"
| #define PACKAGE_BUGREPORT "googlemock@googlegroups.com"
| #define PACKAGE_URL ""
| #define PACKAGE "gmock"
| #define VERSION "1.8.0"
| /* end confdefs.h.  */
| #include <ac_nonexistent.h>
configure:7986: checking for ANSI C header files
configure:8006: gcc -c   conftest.c >&5
configure:8006: $? = 0
configure:8079: gcc -o conftest    conftest.c  >&5
configure:8079: $? = 0
configure:8079: ./conftest
configure:8079: $? = 0
configure:8090: result: yes
configure:8103: checking for sys/types.h
configure:8103: gcc -c   conftest.c >&5
configure:8103: $? = 0
configure:8103: result: yes
configure:8103: checking for sys/stat.h
configure:8103: gcc -c   conftest.c >&5
configure:8103: $? = 0
configure:8103: result: yes
configure:8103: checking for stdlib.h
configure:8103: gcc -c   conftest.c >&5
configure:8103: $? = 0
configure:8103: result: yes
configure:8103: checking for string.h
configure:8103: gcc -c   conftest.c >&5
configure:8103: $? = 0
configure:8103: result: yes
configure:8103: checking for memory.h
configure:8103: gcc -c   conftest.c >&5
configure:8103: $? = 0
configure:8103: result: yes
configure:8103: checking for strings.h
configure:8103: gcc -c   conftest.c >&5
configure:8103: $? = 0
configure:8103: result: yes
configure:8103: checking for inttypes.h
configure:8103: gcc -c   conftest.c >&5
configure:8103: $? = 0
configure:8103: result: yes
configure:8103: checking for stdint.h
configure:8103: gcc -c   conftest.c >&5
configure:8103: $? = 0
configure:8103: result: yes
configure:8103: checking for unistd.h
configure:8103: gcc -c   conftest.c >&5
configure:8103: $? = 0
configure:8103: result: yes
configure:8117: checking for dlfcn.h
configure:8117: gcc -c   conftest.c >&5
configure:8117: $? = 0
configure:8117: result: yes
configure:8383: checking for objdir
configure:8398: result: .libs
configure:8658: checking if gcc supports -fno-rtti -fno-exceptions
configure:8676: gcc -c   -fno-rtti -fno-exceptions conftest.c >&5
configure:8680: $? = 0
configure:8693: result: yes
configure:9051: checking for gcc option to produce PIC
configure:9058: result: -fno-common -DPIC
configure:9066: checking if gcc PIC flag -fno-common -DPIC works
configure:9084: gcc -c   -fno-common -DPIC -DPIC conftest.c >&5
configure:9088: $? = 0
configure:9101: result: yes
configure:9130: checking if gcc static flag -static works
configure:9158: result: no
configure:9173: checking if gcc supports -c -o file.o
configure:9194: gcc -c   -o out/conftest2.o conftest.c >&5
configure:9198: $? = 0
configure:9220: result: yes
configure:9228: checking if gcc supports -c -o file.o
configure:9275: result: yes
configure:9308: checking whether the gcc linker (/Library/Developer/CommandLineTools/usr/bin/ld) supports shared libraries
configure:10567: result: yes
configure:10807: checking dynamic linker characteristics
configure:11625: result: darwin17.7.0 dyld
configure:11747: checking how to hardcode library paths into programs
configure:11772: result: immediate
configure:12320: checking whether stripping libraries is possible
configure:12334: result: yes
configure:12360: checking if libtool supports shared libraries
configure:12362: result: yes
configure:12365: checking whether to build shared libraries
configure:12390: result: yes
configure:12393: checking whether to build static libraries
configure:12397: result: yes
configure:12420: checking how to run the C++ preprocessor
configure:12447: g++ -E  conftest.cpp
configure:12447: $? = 0
configure:12461: g++ -E  conftest.cpp
conftest.cpp:23:10: fatal error: 'ac_nonexistent.h' file not found
#include <ac_nonexistent.h>
         ^~~~~~~~~~~~~~~~~~
1 error generated.
configure:12461: $? = 1
configure: failed program was:
| /* confdefs.h */
| #define PACKAGE_NAME "Google C++ Mocking Framework"
| #define PACKAGE_TARNAME "gmock"
| #define PACKAGE_VERSION "1.8.0"
| #define PACKAGE_STRING "Google C++ Mocking Framework 1.8.0"
| #define PACKAGE_BUGREPORT "googlemock@googlegroups.com"
| #define PACKAGE_URL ""
| #define PACKAGE "gmock"
| #define VERSION "1.8.0"
| #define STDC_HEADERS 1
| #define HAVE_SYS_TYPES_H 1
| #define HAVE_SYS_STAT_H 1
| #define HAVE_STDLIB_H 1
| #define HAVE_STRING_H 1
| #define HAVE_MEMORY_H 1
| #define HAVE_STRINGS_H 1
| #define HAVE_INTTYPES_H 1
| #define HAVE_STDINT_H 1
| #define HAVE_UNISTD_H 1
| #define HAVE_DLFCN_H 1
| #define LT_OBJDIR ".libs/"
| /* end confdefs.h.  */
| #include <ac_nonexistent.h>
configure:12486: result: g++ -E
configure:12506: g++ -E  conftest.cpp
configure:12506: $? = 0
configure:12520: g++ -E  conftest.cpp
conftest.cpp:23:10: fatal error: 'ac_nonexistent.h' file not found
#include <ac_nonexistent.h>
         ^~~~~~~~~~~~~~~~~~
1 error generated.
configure:12520: $? = 1
configure: failed program was:
| /* confdefs.h */
| #define PACKAGE_NAME "Google C++ Mocking Framework"
| #define PACKAGE_TARNAME "gmock"
| #define PACKAGE_VERSION "1.8.0"
| #define PACKAGE_STRING "Google C++ Mocking Framework 1.8.0"
| #define PACKAGE_BUGREPORT "googlemock@googlegroups.com"
| #define PACKAGE_URL ""
| #define PACKAGE "gmock"
| #define VERSION "1.8.0"
| #define STDC_HEADERS 1
| #define HAVE_SYS_TYPES_H 1
| #define HAVE_SYS_STAT_H 1
| #define HAVE_STDLIB_H 1
| #define HAVE_STRING_H 1
| #define HAVE_MEMORY_H 1
| #define HAVE_STRINGS_H 1
| #define HAVE_INTTYPES_H 1
| #define HAVE_STDINT_H 1
| #define HAVE_UNISTD_H 1
| #define HAVE_DLFCN_H 1
| #define LT_OBJDIR ".libs/"
| /* end confdefs.h.  */
| #include <ac_nonexistent.h>
configure:12682: checking for ld used by g++
configure:12749: result: /Library/Developer/CommandLineTools/usr/bin/ld
configure:12756: checking if the linker (/Library/Developer/CommandLineTools/usr/bin/ld) is GNU ld
configure:12771: result: no
configure:12826: checking whether the g++ linker (/Library/Developer/CommandLineTools/usr/bin/ld) supports shared libraries
configure:13899: result: yes
configure:13935: g++ -c  -g -std=c++11 -DNDEBUG  conftest.cpp >&5
configure:13938: $? = 0
configure:14419: checking for g++ option to produce PIC
configure:14426: result: -fno-common -DPIC
configure:14434: checking if g++ PIC flag -fno-common -DPIC works
configure:14452: g++ -c  -g -std=c++11 -DNDEBUG  -fno-common -DPIC -DPIC conftest.cpp >&5
configure:14456: $? = 0
configure:14469: result: yes
configure:14492: checking if g++ static flag -static works
configure:14520: result: no
configure:14532: checking if g++ supports -c -o file.o
configure:14553: g++ -c  -g -std=c++11 -DNDEBUG  -o out/conftest2.o conftest.cpp >&5
configure:14557: $? = 0
configure:14579: result: yes
configure:14584: checking if g++ supports -c -o file.o
configure:14631: result: yes
configure:14661: checking whether the g++ linker (/Library/Developer/CommandLineTools/usr/bin/ld) supports shared libraries
configure:14701: result: yes
configure:14842: checking dynamic linker characteristics
configure:15587: result: darwin17.7.0 dyld
configure:15652: checking how to hardcode library paths into programs
configure:15677: result: immediate
configure:15747: checking for python
configure:15765: found /anaconda3/bin/python
configure:15778: result: /anaconda3/bin/python
configure:15796: /anaconda3/bin/python -c import sys # split strings by '.' and convert to numeric. Append some zeros # because we need at least 4 digits for the hex conversion. # map returns an iterator in Python 3.0 and a list in 2.x minver = list(map(int, '2.3'.split('.'))) + [0, 0, 0] minverhex = 0 # xrange is not present in Python 3.0 and range returns an iterator for i in list(range(0, 4)): minverhex = (minverhex << 8) + minver[i] sys.exit(sys.hexversion < minverhex)
configure:15799: $? = 0
configure:15994: checking for the pthreads library -lpthreads
configure:16027: gcc -o conftest     conftest.c -lpthreads  >&5
conftest.c:28:41: warning: null passed to a callee that requires a non-null argument [-Wnonnull]
                     pthread_attr_init(0); pthread_cleanup_push(0, 0);
                                       ~^
conftest.c:29:44: warning: null passed to a callee that requires a non-null argument [-Wnonnull]
                     pthread_create(0,0,0,0); pthread_cleanup_pop(0);
                                    ~      ^
conftest.c:29:44: warning: null passed to a callee that requires a non-null argument [-Wnonnull]
                     pthread_create(0,0,0,0); pthread_cleanup_pop(0);
                                        ~  ^
3 warnings generated.
ld: library not found for -lpthreads
clang: error: linker command failed with exit code 1 (use -v to see invocation)
configure:16027: $? = 1
configure: failed program was:
| /* confdefs.h */
| #define PACKAGE_NAME "Google C++ Mocking Framework"
| #define PACKAGE_TARNAME "gmock"
| #define PACKAGE_VERSION "1.8.0"
| #define PACKAGE_STRING "Google C++ Mocking Framework 1.8.0"
| #define PACKAGE_BUGREPORT "googlemock@googlegroups.com"
| #define PACKAGE_URL ""
| #define PACKAGE "gmock"
| #define VERSION "1.8.0"
| #define STDC_HEADERS 1
| #define HAVE_SYS_TYPES_H 1
| #define HAVE_SYS_STAT_H 1
| #define HAVE_STDLIB_H 1
| #define HAVE_STRING_H 1
| #define HAVE_MEMORY_H 1
| #define HAVE_STRINGS_H 1
| #define HAVE_INTTYPES_H 1
| #define HAVE_STDINT_H 1
| #define HAVE_UNISTD_H 1
| #define HAVE_DLFCN_H 1
| #define LT_OBJDIR ".libs/"
| /* end confdefs.h.  */
| #include <pthread.h>
| int
| main ()
| {
| pthread_t th; pthread_join(th, 0);
|                      pthread_attr_init(0); pthread_cleanup_push(0, 0);
|                      pthread_create(0,0,0,0); pthread_cleanup_pop(0);
|   ;
|   return 0;
| }
configure:16036: result: no
configure:15939: checking whether pthreads work without any flags
configure:16027: gcc -o conftest     conftest.c   >&5
conftest.c:28:41: warning: null passed to a callee that requires a non-null argument [-Wnonnull]
                     pthread_attr_init(0); pthread_cleanup_push(0, 0);
                                       ~^
conftest.c:29:44: warning: null passed to a callee that requires a non-null argument [-Wnonnull]
                     pthread_create(0,0,0,0); pthread_cleanup_pop(0);
                                    ~      ^
conftest.c:29:44: warning: null passed to a callee that requires a non-null argument [-Wnonnull]
                     pthread_create(0,0,0,0); pthread_cleanup_pop(0);
                                        ~  ^
3 warnings generated.
configure:16027: $? = 0
configure:16036: result: yes
configure:16055: checking for joinable pthread attribute
configure:16070: gcc -o conftest     conftest.c   >&5
configure:16070: $? = 0
configure:16076: result: PTHREAD_CREATE_JOINABLE
configure:16086: checking if more special flags are required for pthreads
configure:16093: result: -D_THREAD_SAFE
configure:16182: checking whether to check for GCC pthread/shared inconsistencies
configure:16195: gcc -o conftest -shared -fPIC -Wl,-z,defs  -D_THREAD_SAFE    conftest.c   >&5
ld: unknown option: -z
clang: error: linker command failed with exit code 1 (use -v to see invocation)
configure:16195: $? = 1
configure: failed program was:
| /* confdefs.h */
| #define PACKAGE_NAME "Google C++ Mocking Framework"
| #define PACKAGE_TARNAME "gmock"
| #define PACKAGE_VERSION "1.8.0"
| #define PACKAGE_STRING "Google C++ Mocking Framework 1.8.0"
| #define PACKAGE_BUGREPORT "googlemock@googlegroups.com"
| #define PACKAGE_URL ""
| #define PACKAGE "gmock"
| #define VERSION "1.8.0"
| #define STDC_HEADERS 1
| #define HAVE_SYS_TYPES_H 1
| #define HAVE_SYS_STAT_H 1
| #define HAVE_STDLIB_H 1
| #define HAVE_STRING_H 1
| #define HAVE_MEMORY_H 1
| #define HAVE_STRINGS_H 1
| #define HAVE_INTTYPES_H 1
| #define HAVE_STDINT_H 1
| #define HAVE_UNISTD_H 1
| #define HAVE_DLFCN_H 1
| #define LT_OBJDIR ".libs/"
| /* end confdefs.h.  */
| 
| int
| main ()
| {
| 
|   ;
|   return 0;
| }
configure:16204: result: no
configure:16430: checking for gtest-config
configure:16463: result: no
configure:16614: checking that generated files are newer than configure
configure:16620: result: done
configure:16655: creating ./config.status

## ---------------------- ##
## Running config.status. ##
## ---------------------- ##

This file was extended by Google C++ Mocking Framework config.status 1.8.0, which was
generated by GNU Autoconf 2.69.  Invocation command line was

  CONFIG_FILES    = 
  CONFIG_HEADERS  = 
  CONFIG_LINKS    = 
  CONFIG_COMMANDS = 
  $ ./config.status 

on dzcxdeMacBook-Air.local

config.status:1160: creating Makefile
config.status:1160: creating scripts/gmock-config
config.status:1160: creating build-aux/config.h
config.status:1389: executing depfiles commands
config.status:1389: executing libtool commands

## ---------------- ##
## Cache variables. ##
## ---------------- ##

ac_cv_build=x86_64-apple-darwin17.7.0
ac_cv_c_compiler_gnu=yes
ac_cv_cxx_compiler_gnu=yes
ac_cv_env_CCC_set=
ac_cv_env_CCC_value=
ac_cv_env_CC_set=
ac_cv_env_CC_value=
ac_cv_env_CFLAGS_set=set
ac_cv_env_CFLAGS_value=
ac_cv_env_CPPFLAGS_set=
ac_cv_env_CPPFLAGS_value=
ac_cv_env_CPP_set=
ac_cv_env_CPP_value=
ac_cv_env_CXXCPP_set=
ac_cv_env_CXXCPP_value=
ac_cv_env_CXXFLAGS_set=set
ac_cv_env_CXXFLAGS_value=' -g -std=c++11 -DNDEBUG'
ac_cv_env_CXX_set=
ac_cv_env_CXX_value=
ac_cv_env_GTEST_CONFIG_set=
ac_cv_env_GTEST_CONFIG_value=
ac_cv_env_GTEST_CPPFLAGS_set=
ac_cv_env_GTEST_CPPFLAGS_value=
ac_cv_env_GTEST_CXXFLAGS_set=
ac_cv_env_GTEST_CXXFLAGS_value=
ac_cv_env_GTEST_LDFLAGS_set=
ac_cv_env_GTEST_LDFLAGS_value=
ac_cv_env_GTEST_LIBS_set=
ac_cv_env_GTEST_LIBS_value=
ac_cv_env_GTEST_VERSION_set=
ac_cv_env_GTEST_VERSION_value=
ac_cv_env_LDFLAGS_set=
ac_cv_env_LDFLAGS_value=
ac_cv_env_LIBS_set=
ac_cv_env_LIBS_value=
ac_cv_env_LT_SYS_LIBRARY_PATH_set=
ac_cv_env_LT_SYS_LIBRARY_PATH_value=
ac_cv_env_build_alias_set=
ac_cv_env_build_alias_value=
ac_cv_env_host_alias_set=
ac_cv_env_host_alias_value=
ac_cv_env_target_alias_set=
ac_cv_env_target_alias_value=
ac_cv_header_dlfcn_h=yes
ac_cv_header_inttypes_h=yes
ac_cv_header_memory_h=yes
ac_cv_header_stdc=yes
ac_cv_header_stdint_h=yes
ac_cv_header_stdlib_h=yes
ac_cv_header_string_h=yes
ac_cv_header_strings_h=yes
ac_cv_header_sys_stat_h=yes
ac_cv_header_sys_types_h=yes
ac_cv_header_unistd_h=yes
ac_cv_host=x86_64-apple-darwin17.7.0
ac_cv_objext=o
ac_cv_path_EGREP='/usr/bin/grep -E'
ac_cv_path_FGREP='/usr/bin/grep -F'
ac_cv_path_GREP=/usr/bin/grep
ac_cv_path_PYTHON=/anaconda3/bin/python
ac_cv_path_SED=/usr/bin/sed
ac_cv_path_install='/usr/bin/install -c'
ac_cv_path_lt_DD=/bin/dd
ac_cv_prog_AWK=awk
ac_cv_prog_CPP='gcc -E'
ac_cv_prog_CXXCPP='g++ -E'
ac_cv_prog_ac_ct_AR=ar
ac_cv_prog_ac_ct_CC=gcc
ac_cv_prog_ac_ct_CXX=g++
ac_cv_prog_ac_ct_DSYMUTIL=dsymutil
ac_cv_prog_ac_ct_LIPO=lipo
ac_cv_prog_ac_ct_NMEDIT=nmedit
ac_cv_prog_ac_ct_OBJDUMP=objdump
ac_cv_prog_ac_ct_OTOOL=otool
ac_cv_prog_ac_ct_RANLIB=ranlib
ac_cv_prog_ac_ct_STRIP=strip
ac_cv_prog_cc_c89=
ac_cv_prog_cc_g=yes
ac_cv_prog_cxx_g=yes
ac_cv_prog_make_make_set=yes
am_cv_CC_dependencies_compiler_type=gcc3
am_cv_CXX_dependencies_compiler_type=gcc3
am_cv_make_support_nested_variables=yes
am_cv_prog_cc_c_o=yes
lt_cv_apple_cc_single_mod=yes
lt_cv_ar_at_file=no
lt_cv_deplibs_check_method=pass_all
lt_cv_file_magic_cmd='$MAGIC_CMD'
lt_cv_file_magic_test_file=
lt_cv_ld_exported_symbols_list=yes
lt_cv_ld_force_load=yes
lt_cv_ld_reload_flag=-r
lt_cv_nm_interface='BSD nm'
lt_cv_objdir=.libs
lt_cv_path_LD=/Library/Developer/CommandLineTools/usr/bin/ld
lt_cv_path_LDCXX=/Library/Developer/CommandLineTools/usr/bin/ld
lt_cv_path_NM='/usr/bin/nm -B'
lt_cv_path_mainfest_tool=no
lt_cv_prog_compiler_c_o=yes
lt_cv_prog_compiler_c_o_CXX=yes
lt_cv_prog_compiler_pic='-fno-common -DPIC'
lt_cv_prog_compiler_pic_CXX='-fno-common -DPIC'
lt_cv_prog_compiler_pic_works=yes
lt_cv_prog_compiler_pic_works_CXX=yes
lt_cv_prog_compiler_rtti_exceptions=yes
lt_cv_prog_compiler_static_works=no
lt_cv_prog_compiler_static_works_CXX=no
lt_cv_prog_gnu_ld=no
lt_cv_prog_gnu_ldcxx=no
lt_cv_sharedlib_from_linklib_cmd='printf %s\n'
lt_cv_sys_global_symbol_pipe='sed -n -e '\''s/^.*[	 ]\([BCDEGRST][BCDEGRST]*\)[	 ][	 ]*_\([_A-Za-z][_A-Za-z0-9]*\)$/\1 _\2 \2/p'\'' | sed '\''/ __gnu_lto/d'\'''
lt_cv_sys_global_symbol_to_c_name_address='sed -n -e '\''s/^: \(.*\) .*$/  {"\1", (void *) 0},/p'\'' -e '\''s/^[BCDEGRST][BCDEGRST]* .* \(.*\)$/  {"\1", (void *) \&\1},/p'\'''
lt_cv_sys_global_symbol_to_c_name_address_lib_prefix='sed -n -e '\''s/^: \(.*\) .*$/  {"\1", (void *) 0},/p'\'' -e '\''s/^[BCDEGRST][BCDEGRST]* .* \(lib.*\)$/  {"\1", (void *) \&\1},/p'\'' -e '\''s/^[BCDEGRST][BCDEGRST]* .* \(.*\)$/  {"lib\1", (void *) \&\1},/p'\'''
lt_cv_sys_global_symbol_to_cdecl='sed -n -e '\''s/^T .* \(.*\)$/extern int \1();/p'\'' -e '\''s/^[BCDEGRST][BCDEGRST]* .* \(.*\)$/extern char \1;/p'\'''
lt_cv_sys_global_symbol_to_import=
lt_cv_sys_max_cmd_len=196608
lt_cv_to_host_file_cmd=func_convert_file_noop
lt_cv_to_tool_file_cmd=func_convert_file_noop
lt_cv_truncate_bin='/bin/dd bs=4096 count=1'

## ----------------- ##
## Output variables. ##
## ----------------- ##

ACLOCAL='${SHELL} /Users/dzcx/Desktop/iOS/iOS笔记/Tcp/protobuf/protobuf-3.6.1/third_party/googletest/googlemock/build-aux/missing aclocal-1.15'
AMDEPBACKSLASH='\'
AMDEP_FALSE='#'
AMDEP_TRUE=''
AMTAR='$${TAR-tar}'
AM_BACKSLASH='\'
AM_DEFAULT_V='$(AM_DEFAULT_VERBOSITY)'
AM_DEFAULT_VERBOSITY='1'
AM_V='$(V)'
AR='ar'
AUTOCONF='${SHELL} /Users/dzcx/Desktop/iOS/iOS笔记/Tcp/protobuf/protobuf-3.6.1/third_party/googletest/googlemock/build-aux/missing autoconf'
AUTOHEADER='${SHELL} /Users/dzcx/Desktop/iOS/iOS笔记/Tcp/protobuf/protobuf-3.6.1/third_party/googletest/googlemock/build-aux/missing autoheader'
AUTOMAKE='${SHELL} /Users/dzcx/Desktop/iOS/iOS笔记/Tcp/protobuf/protobuf-3.6.1/third_party/googletest/googlemock/build-aux/missing automake-1.15'
AWK='awk'
CC='gcc'
CCDEPMODE='depmode=gcc3'
CFLAGS=''
CPP='gcc -E'
CPPFLAGS=''
CXX='g++'
CXXCPP='g++ -E'
CXXDEPMODE='depmode=gcc3'
CXXFLAGS=' -g -std=c++11 -DNDEBUG'
CYGPATH_W='echo'
DEFS='-DHAVE_CONFIG_H'
DEPDIR='.deps'
DLLTOOL='false'
DSYMUTIL='dsymutil'
DUMPBIN=''
ECHO_C='\c'
ECHO_N=''
ECHO_T=''
EGREP='/usr/bin/grep -E'
EXEEXT=''
FGREP='/usr/bin/grep -F'
GREP='/usr/bin/grep'
GTEST_CONFIG='/Users/dzcx/Desktop/iOS/iOS笔记/Tcp/protobuf/protobuf-3.6.1/third_party/googletest/googlemock/../googletest/scripts/gtest-config'
GTEST_CPPFLAGS='-I$(top_srcdir)/../googletest/include'
GTEST_CXXFLAGS='-g'
GTEST_LDFLAGS=''
GTEST_LIBS='$(top_builddir)/../googletest/lib/libgtest.la'
GTEST_VERSION='1.8.0'
HAVE_PTHREADS_FALSE='#'
HAVE_PTHREADS_TRUE=''
HAVE_PYTHON_FALSE='#'
HAVE_PYTHON_TRUE=''
INSTALL_DATA='${INSTALL} -m 644'
INSTALL_PROGRAM='${INSTALL}'
INSTALL_SCRIPT='${INSTALL}'
INSTALL_STRIP_PROGRAM='$(install_sh) -c -s'
LD='/Library/Developer/CommandLineTools/usr/bin/ld'
LDFLAGS=''
LIBOBJS=''
LIBS=''
LIBTOOL='$(SHELL) $(top_builddir)/libtool'
LIPO='lipo'
LN_S='ln -s'
LTLIBOBJS=''
LT_SYS_LIBRARY_PATH=''
MAKEINFO='${SHELL} /Users/dzcx/Desktop/iOS/iOS笔记/Tcp/protobuf/protobuf-3.6.1/third_party/googletest/googlemock/build-aux/missing makeinfo'
MANIFEST_TOOL=':'
MKDIR_P='build-aux/install-sh -c -d'
NM='/usr/bin/nm -B'
NMEDIT='nmedit'
OBJDUMP='objdump'
OBJEXT='o'
OTOOL64=':'
OTOOL='otool'
PACKAGE='gmock'
PACKAGE_BUGREPORT='googlemock@googlegroups.com'
PACKAGE_NAME='Google C++ Mocking Framework'
PACKAGE_STRING='Google C++ Mocking Framework 1.8.0'
PACKAGE_TARNAME='gmock'
PACKAGE_URL=''
PACKAGE_VERSION='1.8.0'
PATH_SEPARATOR=':'
PTHREAD_CC='gcc'
PTHREAD_CFLAGS='-D_THREAD_SAFE '
PTHREAD_LIBS=''
PYTHON='/anaconda3/bin/python'
RANLIB='ranlib'
SED='/usr/bin/sed'
SET_MAKE=''
SHELL='/bin/sh'
STRIP='strip'
VERSION='1.8.0'
ac_ct_AR='ar'
ac_ct_CC='gcc'
ac_ct_CXX='g++'
ac_ct_DUMPBIN=''
acx_pthread_config=''
am__EXEEXT_FALSE=''
am__EXEEXT_TRUE='#'
am__fastdepCC_FALSE='#'
am__fastdepCC_TRUE=''
am__fastdepCXX_FALSE='#'
am__fastdepCXX_TRUE=''
am__include='include'
am__isrc=''
am__leading_dot='.'
am__nodep='_no'
am__quote=''
am__tar='$${TAR-tar} chof - "$$tardir"'
am__untar='$${TAR-tar} xf -'
bindir='${exec_prefix}/bin'
build='x86_64-apple-darwin17.7.0'
build_alias=''
build_cpu='x86_64'
build_os='darwin17.7.0'
build_vendor='apple'
datadir='${datarootdir}'
datarootdir='${prefix}/share'
docdir='${datarootdir}/doc/${PACKAGE_TARNAME}'
dvidir='${docdir}'
exec_prefix='${prefix}'
host='x86_64-apple-darwin17.7.0'
host_alias=''
host_cpu='x86_64'
host_os='darwin17.7.0'
host_vendor='apple'
htmldir='${docdir}'
includedir='${prefix}/include'
infodir='${datarootdir}/info'
install_sh='${SHELL} /Users/dzcx/Desktop/iOS/iOS笔记/Tcp/protobuf/protobuf-3.6.1/third_party/googletest/googlemock/build-aux/install-sh'
libdir='${exec_prefix}/lib'
libexecdir='${exec_prefix}/libexec'
localedir='${datarootdir}/locale'
localstatedir='${prefix}/var'
mandir='${datarootdir}/man'
mkdir_p='$(MKDIR_P)'
oldincludedir='/usr/include'
pdfdir='${docdir}'
prefix='/usr/local'
program_transform_name='s,x,x,'
psdir='${docdir}'
sbindir='${exec_prefix}/sbin'
sharedstatedir='${prefix}/com'
sysconfdir='${prefix}/etc'
target_alias=''

## ----------- ##
## confdefs.h. ##
## ----------- ##

/* confdefs.h */
#define PACKAGE_NAME "Google C++ Mocking Framework"
#define PACKAGE_TARNAME "gmock"
#define PACKAGE_VERSION "1.8.0"
#define PACKAGE_STRING "Google C++ Mocking Framework 1.8.0"
#define PACKAGE_BUGREPORT "googlemock@googlegroups.com"
#define PACKAGE_URL ""
#define PACKAGE "gmock"
#define VERSION "1.8.0"
#define STDC_HEADERS 1
#define HAVE_SYS_TYPES_H 1
#define HAVE_SYS_STAT_H 1
#define HAVE_STDLIB_H 1
#define HAVE_STRING_H 1
#define HAVE_MEMORY_H 1
#define HAVE_STRINGS_H 1
#define HAVE_INTTYPES_H 1
#define HAVE_STDINT_H 1
#define HAVE_UNISTD_H 1
#define HAVE_DLFCN_H 1
#define LT_OBJDIR ".libs/"
#define HAVE_PTHREAD 1

configure: exit 0
